2017-10-28T08:12:25.183109Z mysqld_safe Logging to '/opt/bitnami/mysql/data/5a30e3cc5b1e.err'.
2017-10-28T08:12:25.203141Z mysqld_safe Starting mysqld daemon with databases from /opt/bitnami/mysql/data
mysqld: [Warning] World-writable config file '/opt/bitnami/mysql/conf/my.cnf' is ignored.
2017-10-28T08:12:25.385504Z 0 [Warning] TIMESTAMP with implicit DEFAULT value is deprecated. Please use --explicit_defaults_for_timestamp server option (see documentation for more details).
2017-10-28T08:12:25.387032Z 0 [Note] --secure-file-priv is set to NULL. Operations related to importing and exporting data are disabled
2017-10-28T08:12:25.387071Z 0 [Note] /opt/bitnami/mysql/bin/mysqld (mysqld 5.7.20) starting as process 116 ...
2017-10-28T08:12:25.393789Z 0 [Warning] Setting lower_case_table_names=2 because file system for /opt/bitnami/mysql/data/ is case insensitive
2017-10-28T08:12:25.397502Z 0 [Note] InnoDB: PUNCH HOLE support available
2017-10-28T08:12:25.397731Z 0 [Note] InnoDB: Mutexes and rw_locks use GCC atomic builtins
2017-10-28T08:12:25.397935Z 0 [Note] InnoDB: Uses event mutexes
2017-10-28T08:12:25.398144Z 0 [Note] InnoDB: GCC builtin __sync_synchronize() is used for memory barrier
2017-10-28T08:12:25.398342Z 0 [Note] InnoDB: Compressed tables use zlib 1.2.3
2017-10-28T08:12:25.398536Z 0 [Note] InnoDB: Using Linux native AIO
2017-10-28T08:12:25.398879Z 0 [Note] InnoDB: Number of pools: 1
2017-10-28T08:12:25.399158Z 0 [Note] InnoDB: Using CPU crc32 instructions
2017-10-28T08:12:25.400637Z 0 [Note] InnoDB: Initializing buffer pool, total size = 128M, instances = 1, chunk size = 128M
2017-10-28T08:12:25.407209Z 0 [Note] InnoDB: Completed initialization of buffer pool
2017-10-28T08:12:25.409720Z 0 [Note] InnoDB: If the mysqld execution user is authorized, page cleaner thread priority can be changed. See the man page of setpriority().
2017-10-28T08:12:25.442136Z 0 [Note] InnoDB: Highest supported file format is Barracuda.
2017-10-28T08:12:25.449333Z 0 [Note] InnoDB: Log scan progressed past the checkpoint lsn 2602508
2017-10-28T08:12:25.449554Z 0 [Note] InnoDB: Doing recovery: scanned up to log sequence number 2602517
2017-10-28T08:12:25.449943Z 0 [Note] InnoDB: Database was not shutdown normally!
2017-10-28T08:12:25.450097Z 0 [Note] InnoDB: Starting crash recovery.
2017-10-28T08:12:25.622207Z 0 [Note] InnoDB: Removed temporary tablespace data file: "ibtmp1"
2017-10-28T08:12:25.622453Z 0 [Note] InnoDB: Creating shared tablespace for temporary tables
2017-10-28T08:12:25.623626Z 0 [Note] InnoDB: Setting file './ibtmp1' size to 12 MB. Physically writing the file full; Please wait ...
2017-10-28T08:12:25.705725Z 0 [Note] InnoDB: File './ibtmp1' size is now 12 MB.
2017-10-28T08:12:25.720521Z 0 [Note] InnoDB: 96 redo rollback segment(s) found. 96 redo rollback segment(s) are active.
2017-10-28T08:12:25.720874Z 0 [Note] InnoDB: 32 non-redo rollback segment(s) are active.
2017-10-28T08:12:25.721955Z 0 [Note] InnoDB: 5.7.20 started; log sequence number 2602517
2017-10-28T08:12:25.722511Z 0 [Note] Plugin 'FEDERATED' is disabled.
2017-10-28T08:12:25.723555Z 0 [Note] InnoDB: Loading buffer pool(s) from /bitnami/mysql/data/ib_buffer_pool
2017-10-28T08:12:25.766730Z 0 [Note] InnoDB: Buffer pool(s) load completed at 171028  8:12:25
2017-10-28T08:12:25.813392Z 0 [Warning] Failed to set up SSL because of the following SSL library error: SSL context is not usable without certificate and private key
2017-10-28T08:12:25.813957Z 0 [Note] Server hostname (bind-address): '*'; port: 3306
2017-10-28T08:12:25.814188Z 0 [Note] IPv6 is available.
2017-10-28T08:12:25.814360Z 0 [Note]   - '::' resolves to '::';
2017-10-28T08:12:25.814551Z 0 [Note] Server socket created on IP: '::'.
2017-10-28T08:12:26.133960Z 0 [Note] Event Scheduler: Loaded 0 events
2017-10-28T08:12:26.134469Z 0 [Note] /opt/bitnami/mysql/bin/mysqld: ready for connections.
Version: '5.7.20'  socket: '/tmp/mysql.sock'  port: 3306  MySQL Community Server (GPL)
2017-10-28T08:12:26.134702Z 0 [Note] Executing 'SELECT * FROM INFORMATION_SCHEMA.TABLES;' to get a list of tables using the deprecated partition engine. You may use the startup option '--disable-partition-engine-check' to skip this check. 
2017-10-28T08:12:26.134915Z 0 [Note] Beginning of list of non-natively partitioned tables
2017-10-28T08:12:26.519256Z 0 [Note] End of list of non-natively partitioned tables
